<?xml version="1.0" encoding="UTF-8"?>
<!-- Generated by org.testng.reporters.JUnitReportReporter -->
<testsuite skipped="0" hostname="DESKTOP-9VB7TO5" name="salesforce.testng.tests.HomeTest" tests="1" failures="0" timestamp="2021-10-10T16:47:55 PDT" time="44.001" errors="0">
  <testcase name="MyProfile" time="44.001" classname="salesforce.testng.tests.HomeTest"/>
  <system-out/>
</testsuite> <!-- salesforce.testng.tests.HomeTest -->
