<?xml version="1.0" encoding="UTF-8"?>
<!-- Generated by org.testng.reporters.JUnitReportReporter -->
<testsuite skipped="0" hostname="DESKTOP-9VB7TO5" name="salesforce.testng.tests.LoginTest" tests="5" failures="0" timestamp="2021-10-10T16:45:20 PDT" time="39.957" errors="0">
  <testcase name="Login_EmptyPassword_FailsWithErrorMessage" time="7.890" classname="salesforce.testng.tests.LoginTest"/>
  <system-out/>
  <testcase name="Login_ValidUsername_ValidPassword_HomePage" time="8.379" classname="salesforce.testng.tests.LoginTest"/>
  <system-out/>
  <testcase name="Login_InValidUsername_InValidPassword_DisplaysErrorMessage" time="7.905" classname="salesforce.testng.tests.LoginTest"/>
  <system-out/>
  <testcase name="ForgotPassword" time="4.983" classname="salesforce.testng.tests.LoginTest"/>
  <system-out/>
  <testcase name="LoginPage_RememberMe_ValidUsername_Password" time="10.800" classname="salesforce.testng.tests.LoginTest"/>
  <system-out/>
</testsuite> <!-- salesforce.testng.tests.LoginTest -->
