<?xml version="1.0" encoding="UTF-8"?>
<!-- Generated by org.testng.reporters.JUnitReportReporter -->
<testsuite skipped="0" hostname="DESKTOP-9VB7TO5" name="salesforce.testng.tests.LeadsTest" tests="1" failures="0" timestamp="2021-10-08T23:53:04 PDT" time="20.779" errors="0">
  <testcase name="NewLead" time="20.779" classname="salesforce.testng.tests.LeadsTest"/>
  <system-out/>
</testsuite> <!-- salesforce.testng.tests.LeadsTest -->
