<?xml version="1.0" encoding="UTF-8"?>
<!-- Generated by org.testng.reporters.JUnitReportReporter -->
<testsuite skipped="0" hostname="DESKTOP-9VB7TO5" name="salesforce.testng.tests.CreateOptyTest" tests="1" failures="0" timestamp="2021-10-08T08:20:00 PDT" time="13.837" errors="0">
  <testcase name="QuarterlySummaryReport" time="13.837" classname="salesforce.testng.tests.CreateOptyTest"/>
  <system-out/>
</testsuite> <!-- salesforce.testng.tests.CreateOptyTest -->
