<?xml version="1.0" encoding="UTF-8"?>
<!-- Generated by org.testng.reporters.JUnitReportReporter -->
<testsuite skipped="0" hostname="DESKTOP-9VB7TO5" name="salesforce.testng.tests.ContactsTest" tests="1" failures="0" timestamp="2021-10-10T00:09:57 PDT" time="19.474" errors="0">
  <testcase name="SaveAndNewButtonWorks" time="19.474" classname="salesforce.testng.tests.ContactsTest"/>
  <system-out/>
</testsuite> <!-- salesforce.testng.tests.ContactsTest -->
